<?xml version="1.0" encoding="UTF-8"?>
<!-- Generated by org.testng.reporters.JUnitReportReporter -->
<testsuite hostname="DESKTOP-P577LMI" failures="0" tests="1" name="SignUp.GetExcelDataTest" time="20.239" errors="0" timestamp="2024-03-01T13:55:40 IST" skipped="0">
  <testcase classname="SignUp.GetExcelDataTest" name="testSignUpWithExcelData" time="20.239"/>
</testsuite> <!-- SignUp.GetExcelDataTest -->
