<?xml version="1.0" encoding="UTF-8"?>
<!-- Generated by org.testng.reporters.JUnitReportReporter -->
<testsuite hostname="DESKTOP-P577LMI" failures="0" tests="1" name="oneInfinity.SignUpPage.GetExcelDataTest" time="61.881" errors="0" timestamp="2024-03-01T15:20:01 IST" skipped="0">
  <testcase classname="oneInfinity.SignUpPage.GetExcelDataTest" name="testSignUpWithExcelData" time="61.881"/>
</testsuite> <!-- oneInfinity.SignUpPage.GetExcelDataTest -->
